0 info it worked if it ends with ok
1 verbose cli [ 'node',
1 verbose cli   '/usr/local/bin/npm',
1 verbose cli   '--registry',
1 verbose cli   'http://npm.freecause.net:5984',
1 verbose cli   'install',
1 verbose cli   'luigi-mario' ]
2 info using npm@1.3.8
3 info using node@v0.10.18
4 warn package.json heroku-app-0001@0.0.0 No description
5 warn package.json heroku-app-0001@0.0.0 No repository field.
6 warn package.json heroku-app-0001@0.0.0 No README data
7 verbose readDependencies using package.json deps
8 verbose cache add [ 'luigi-mario', null ]
9 verbose cache add name=undefined spec="luigi-mario" args=["luigi-mario",null]
10 verbose parsed url { protocol: null,
10 verbose parsed url   slashes: null,
10 verbose parsed url   auth: null,
10 verbose parsed url   host: null,
10 verbose parsed url   port: null,
10 verbose parsed url   hostname: null,
10 verbose parsed url   hash: null,
10 verbose parsed url   search: null,
10 verbose parsed url   query: null,
10 verbose parsed url   pathname: 'luigi-mario',
10 verbose parsed url   path: 'luigi-mario',
10 verbose parsed url   href: 'luigi-mario' }
11 silly lockFile ba7dcd8d-luigi-mario luigi-mario
12 verbose lock luigi-mario /Users/braun.goodson/.npm/ba7dcd8d-luigi-mario.lock
13 silly lockFile ba7dcd8d-luigi-mario luigi-mario
14 silly lockFile ba7dcd8d-luigi-mario luigi-mario
15 verbose addNamed [ 'luigi-mario', '' ]
16 verbose addNamed [ null, '*' ]
17 silly lockFile 399c13cd-luigi-mario luigi-mario@
18 verbose lock luigi-mario@ /Users/braun.goodson/.npm/399c13cd-luigi-mario.lock
19 silly addNameRange { name: 'luigi-mario', range: '*', hasData: false }
20 verbose url raw luigi-mario
21 verbose url resolving [ 'http://npm.freecause.net:5984/', './luigi-mario' ]
22 verbose url resolved http://npm.freecause.net:5984/luigi-mario
23 info trying registry request attempt 1 at 13:17:58
24 http GET http://npm.freecause.net:5984/luigi-mario
25 http 404 http://npm.freecause.net:5984/luigi-mario
26 silly registry.get cb [ 404,
26 silly registry.get   { server: 'CouchDB/1.2.2 (Erlang OTP/R14B04)',
26 silly registry.get     date: 'Wed, 13 Nov 2013 18:19:14 GMT',
26 silly registry.get     'content-type': 'application/json',
26 silly registry.get     'content-length': '52',
26 silly registry.get     'cache-control': 'must-revalidate' } ]
27 silly lockFile 399c13cd-luigi-mario luigi-mario@
28 silly lockFile 399c13cd-luigi-mario luigi-mario@
29 error 404 'luigi-mario' is not in the npm registry.
29 error 404 You should bug the author to publish it
29 error 404
29 error 404 Note that you can also install from a
29 error 404 tarball, folder, or http url, or git url.
30 error System Darwin 12.5.0
31 error command "node" "/usr/local/bin/npm" "--registry" "http://npm.freecause.net:5984" "install" "luigi-mario"
32 error cwd /Users/braun.goodson/Repos/heroku-app-0001
33 error node -v v0.10.18
34 error npm -v 1.3.8
35 error code E404
36 verbose exit [ 1, true ]
